Arguments: 
  /Users/hugo.chollet.bam/Library/Application Support/fnm/node-versions/v16.14.2/installation/bin/node /opt/homebrew/Cellar/yarn/1.22.18/libexec/bin/yarn.js install

PATH: 
  /Users/hugo.chollet.bam/.rbenv/bin:/opt/homebrew/opt/ruby@2.7/bin:/Users/hugo.chollet.bam/Library/Caches/fnm_multishells/41119_1656150018455/bin:/Users/hugo.chollet.bam/.rbenv/shims:/opt/homebrew/bin:/opt/homebrew/sbin:/usr/local/bin:/usr/bin:/bin:/usr/sbin:/sbin:/Library/Apple/usr/bin:/Applications/Visual Studio Code.app/Contents/Resources/app/bin:/Users/hugo.chollet.bam/Library/Android/sdk/emulator:/Users/hugo.chollet.bam/Library/Android/sdk/platform-tools:/Users/hugo.chollet.bam/Library/Android/sdk/tools:/Users/hugo.chollet.bam/Library/Android/sdk/tools/bin:/usr/local/bin/adb

Yarn version: 
  1.22.18

Node version: 
  16.14.2

Platform: 
  darwin arm64

Trace: 
  Error: self signed certificate in certificate chain
      at TLSSocket.onConnectSecure (node:_tls_wrap:1530:34)
      at TLSSocket.emit (node:events:526:28)
      at TLSSocket._finishInit (node:_tls_wrap:944:8)
      at TLSWrap.ssl.onhandshakedone (node:_tls_wrap:725:12)

npm manifest: 
  {
    "name": "Milo",
    "version": "1.0.0",
    "description": "An app following and helping users to acheive difficult goals",
    "main": "index.js",
    "repository": "git@github.com:isocele/Milo.git",
    "author": "hugo.chollet@epitech.eu",
    "license": "MIT",
    "dependencies": {
      "react-native": "^0.60.6"
    }
  }

yarn manifest: 
  No manifest

Lockfile: 
  No lockfile
